<?xml version="1.0" encoding="UTF-8"?>
<testng-results ignored="0" total="24" passed="24" failed="0" skipped="0">
  <reporter-output>
  </reporter-output>
  <suite started-at="2025-08-05T14:44:45 IST" name="Default suite" finished-at="2025-08-05T14:46:27 IST" duration-ms="101932">
    <groups>
    </groups>
    <test started-at="2025-08-05T14:44:45 IST" name="Default test" finished-at="2025-08-05T14:46:27 IST" duration-ms="101932">
      <class name="Testpkg.Testclass">
        <test-method is-config="true" signature="open()[pri:0, instance:Testpkg.Testclass@5fe94a96]" started-at="2025-08-05T14:44:45 IST" name="open" finished-at="2025-08-05T14:44:58 IST" duration-ms="12597" status="PASS">
          <reporter-output>
          </reporter-output>
        </test-method> <!-- open -->
        <test-method is-config="true" signature="setupPage()[pri:0, instance:Testpkg.Testclass@5fe94a96]" started-at="2025-08-05T14:44:58 IST" name="setupPage" finished-at="2025-08-05T14:44:58 IST" duration-ms="56" status="PASS">
          <reporter-output>
          </reporter-output>
        </test-method> <!-- setupPage -->
        <test-method signature="testABTestPage()[pri:1, instance:Testpkg.Testclass@5fe94a96]" started-at="2025-08-05T14:44:58 IST" name="testABTestPage" finished-at="2025-08-05T14:45:04 IST" duration-ms="6224" status="PASS">
          <reporter-output>
          </reporter-output>
        </test-method> <!-- testABTestPage -->
        <test-method signature="testAddRemoveElements()[pri:2, instance:Testpkg.Testclass@5fe94a96]" started-at="2025-08-05T14:45:04 IST" name="testAddRemoveElements" finished-at="2025-08-05T14:45:06 IST" duration-ms="1291" status="PASS">
          <reporter-output>
          </reporter-output>
        </test-method> <!-- testAddRemoveElements -->
        <test-method signature="testBasicAuth()[pri:3, instance:Testpkg.Testclass@5fe94a96]" started-at="2025-08-05T14:45:06 IST" name="testBasicAuth" finished-at="2025-08-05T14:45:10 IST" duration-ms="4654" status="PASS">
          <reporter-output>
          </reporter-output>
        </test-method> <!-- testBasicAuth -->
        <test-method signature="testBrokenImages()[pri:4, instance:Testpkg.Testclass@5fe94a96]" started-at="2025-08-05T14:45:10 IST" name="testBrokenImages" finished-at="2025-08-05T14:45:14 IST" duration-ms="3884" status="PASS">
          <reporter-output>
          </reporter-output>
        </test-method> <!-- testBrokenImages -->
        <test-method signature="testRichTextEditor()[pri:5, instance:Testpkg.Testclass@5fe94a96]" started-at="2025-08-05T14:45:14 IST" name="testRichTextEditor" finished-at="2025-08-05T14:45:17 IST" duration-ms="2692" status="PASS">
          <reporter-output>
          </reporter-output>
        </test-method> <!-- testRichTextEditor -->
        <test-method signature="testTyposPage()[pri:6, instance:Testpkg.Testclass@5fe94a96]" started-at="2025-08-05T14:45:17 IST" name="testTyposPage" finished-at="2025-08-05T14:45:18 IST" duration-ms="693" status="PASS">
          <reporter-output>
          </reporter-output>
        </test-method> <!-- testTyposPage -->
        <test-method signature="testStatusCodes()[pri:7, instance:Testpkg.Testclass@5fe94a96]" started-at="2025-08-05T14:45:18 IST" name="testStatusCodes" finished-at="2025-08-05T14:45:19 IST" duration-ms="930" status="PASS">
          <reporter-output>
          </reporter-output>
        </test-method> <!-- testStatusCodes -->
        <test-method signature="testCheckboxes()[pri:8, instance:Testpkg.Testclass@5fe94a96]" started-at="2025-08-05T14:45:19 IST" name="testCheckboxes" finished-at="2025-08-05T14:45:19 IST" duration-ms="813" status="PASS">
          <reporter-output>
          </reporter-output>
        </test-method> <!-- testCheckboxes -->
        <test-method signature="testContextMenu()[pri:9, instance:Testpkg.Testclass@5fe94a96]" started-at="2025-08-05T14:45:19 IST" name="testContextMenu" finished-at="2025-08-05T14:45:20 IST" duration-ms="961" status="PASS">
          <reporter-output>
          </reporter-output>
        </test-method> <!-- testContextMenu -->
        <test-method signature="testDirectAuth()[pri:10, instance:Testpkg.Testclass@5fe94a96]" started-at="2025-08-05T14:45:20 IST" name="testDirectAuth" finished-at="2025-08-05T14:45:23 IST" duration-ms="2874" status="PASS">
          <reporter-output>
          </reporter-output>
        </test-method> <!-- testDirectAuth -->
        <test-method signature="testDragAndDrop()[pri:11, instance:Testpkg.Testclass@5fe94a96]" started-at="2025-08-05T14:45:23 IST" name="testDragAndDrop" finished-at="2025-08-05T14:45:25 IST" duration-ms="1447" status="PASS">
          <reporter-output>
          </reporter-output>
        </test-method> <!-- testDragAndDrop -->
        <test-method signature="testDropdown()[pri:12, instance:Testpkg.Testclass@5fe94a96]" started-at="2025-08-05T14:45:25 IST" name="testDropdown" finished-at="2025-08-05T14:45:26 IST" duration-ms="870" status="PASS">
          <reporter-output>
          </reporter-output>
        </test-method> <!-- testDropdown -->
        <test-method signature="testDynamicControls()[pri:13, instance:Testpkg.Testclass@5fe94a96]" started-at="2025-08-05T14:45:26 IST" name="testDynamicControls" finished-at="2025-08-05T14:45:35 IST" duration-ms="9181" status="PASS">
          <reporter-output>
          </reporter-output>
        </test-method> <!-- testDynamicControls -->
        <test-method signature="testDynamicLoading()[pri:14, instance:Testpkg.Testclass@5fe94a96]" started-at="2025-08-05T14:45:35 IST" name="testDynamicLoading" finished-at="2025-08-05T14:45:45 IST" duration-ms="10195" status="PASS">
          <reporter-output>
          </reporter-output>
        </test-method> <!-- testDynamicLoading -->
        <test-method signature="testFileDownload()[pri:15, instance:Testpkg.Testclass@5fe94a96]" started-at="2025-08-05T14:45:45 IST" name="testFileDownload" finished-at="2025-08-05T14:45:47 IST" duration-ms="1879" status="PASS">
          <reporter-output>
          </reporter-output>
        </test-method> <!-- testFileDownload -->
        <test-method signature="testFileUpload()[pri:16, instance:Testpkg.Testclass@5fe94a96]" started-at="2025-08-05T14:45:47 IST" name="testFileUpload" finished-at="2025-08-05T14:45:53 IST" duration-ms="6273" status="PASS">
          <reporter-output>
          </reporter-output>
        </test-method> <!-- testFileUpload -->
        <test-method signature="testFormAuthentication()[pri:17, instance:Testpkg.Testclass@5fe94a96]" started-at="2025-08-05T14:45:53 IST" name="testFormAuthentication" finished-at="2025-08-05T14:46:01 IST" duration-ms="8092" status="PASS">
          <reporter-output>
          </reporter-output>
        </test-method> <!-- testFormAuthentication -->
        <test-method signature="testSlider()[pri:18, instance:Testpkg.Testclass@5fe94a96]" started-at="2025-08-05T14:46:01 IST" name="testSlider" finished-at="2025-08-05T14:46:03 IST" duration-ms="2227" status="PASS">
          <reporter-output>
          </reporter-output>
        </test-method> <!-- testSlider -->
        <test-method signature="testHoverTooltips()[pri:19, instance:Testpkg.Testclass@5fe94a96]" started-at="2025-08-05T14:46:03 IST" name="testHoverTooltips" finished-at="2025-08-05T14:46:06 IST" duration-ms="2977" status="PASS">
          <reporter-output>
          </reporter-output>
        </test-method> <!-- testHoverTooltips -->
        <test-method signature="testInputField()[pri:20, instance:Testpkg.Testclass@5fe94a96]" started-at="2025-08-05T14:46:06 IST" name="testInputField" finished-at="2025-08-05T14:46:07 IST" duration-ms="841" status="PASS">
          <reporter-output>
          </reporter-output>
        </test-method> <!-- testInputField -->
        <test-method signature="testJQueryUI()[pri:21, instance:Testpkg.Testclass@5fe94a96]" started-at="2025-08-05T14:46:07 IST" name="testJQueryUI" finished-at="2025-08-05T14:46:18 IST" duration-ms="10878" status="PASS">
          <reporter-output>
          </reporter-output>
        </test-method> <!-- testJQueryUI -->
        <test-method signature="testJavaScriptAlerts()[pri:22, instance:Testpkg.Testclass@5fe94a96]" started-at="2025-08-05T14:46:18 IST" name="testJavaScriptAlerts" finished-at="2025-08-05T14:46:19 IST" duration-ms="1171" status="PASS">
          <reporter-output>
          </reporter-output>
        </test-method> <!-- testJavaScriptAlerts -->
        <test-method signature="testKeyPresses()[pri:23, instance:Testpkg.Testclass@5fe94a96]" started-at="2025-08-05T14:46:19 IST" name="testKeyPresses" finished-at="2025-08-05T14:46:26 IST" duration-ms="6950" status="PASS">
          <reporter-output>
          </reporter-output>
        </test-method> <!-- testKeyPresses -->
        <test-method signature="testMultipleWindows()[pri:24, instance:Testpkg.Testclass@5fe94a96]" started-at="2025-08-05T14:46:26 IST" name="testMultipleWindows" finished-at="2025-08-05T14:46:27 IST" duration-ms="1139" status="PASS">
          <reporter-output>
          </reporter-output>
        </test-method> <!-- testMultipleWindows -->
      </class> <!-- Testpkg.Testclass -->
    </test> <!-- Default test -->
  </suite> <!-- Default suite -->
</testng-results>
