<?xml version="1.0" encoding="UTF-8"?>
<!-- Generated by org.testng.reporters.JUnitXMLReporter -->
<testsuite ignored="0" hostname="DESKTOP-UT36VCE" failures="0" tests="24" name="Default test" time="101.932" errors="0" timestamp="2025-08-05T14:46:27 IST">
  <testcase classname="Testpkg.Testclass" name="testABTestPage" time="6.224"/>
  <testcase classname="Testpkg.Testclass" name="testAddRemoveElements" time="1.291"/>
  <testcase classname="Testpkg.Testclass" name="testBasicAuth" time="4.654"/>
  <testcase classname="Testpkg.Testclass" name="testBrokenImages" time="3.884"/>
  <testcase classname="Testpkg.Testclass" name="testRichTextEditor" time="2.692"/>
  <testcase classname="Testpkg.Testclass" name="testTyposPage" time="0.693"/>
  <testcase classname="Testpkg.Testclass" name="testStatusCodes" time="0.93"/>
  <testcase classname="Testpkg.Testclass" name="testCheckboxes" time="0.813"/>
  <testcase classname="Testpkg.Testclass" name="testContextMenu" time="0.961"/>
  <testcase classname="Testpkg.Testclass" name="testDirectAuth" time="2.874"/>
  <testcase classname="Testpkg.Testclass" name="testDragAndDrop" time="1.447"/>
  <testcase classname="Testpkg.Testclass" name="testDropdown" time="0.87"/>
  <testcase classname="Testpkg.Testclass" name="testDynamicControls" time="9.181"/>
  <testcase classname="Testpkg.Testclass" name="testDynamicLoading" time="10.195"/>
  <testcase classname="Testpkg.Testclass" name="testFileDownload" time="1.879"/>
  <testcase classname="Testpkg.Testclass" name="testFileUpload" time="6.273"/>
  <testcase classname="Testpkg.Testclass" name="testFormAuthentication" time="8.092"/>
  <testcase classname="Testpkg.Testclass" name="testSlider" time="2.227"/>
  <testcase classname="Testpkg.Testclass" name="testHoverTooltips" time="2.977"/>
  <testcase classname="Testpkg.Testclass" name="testInputField" time="0.841"/>
  <testcase classname="Testpkg.Testclass" name="testJQueryUI" time="10.878"/>
  <testcase classname="Testpkg.Testclass" name="testJavaScriptAlerts" time="1.171"/>
  <testcase classname="Testpkg.Testclass" name="testKeyPresses" time="6.95"/>
  <testcase classname="Testpkg.Testclass" name="testMultipleWindows" time="1.139"/>
</testsuite> <!-- Default test -->
